\BOOKMARK [1][-]{section.1}{Introduction}{}% 1
\BOOKMARK [2][-]{subsection.1.1}{What\040is\040a\040blockchain?}{section.1}% 2
\BOOKMARK [1][-]{section.2}{CSP\040value\040chain\040and\040blockchain}{}% 3
\BOOKMARK [1][-]{section.3}{Use\040Case\040-\040Fraud\040Prevention}{}% 4
\BOOKMARK [2][-]{subsection.3.1}{Roaming\040fraud}{section.3}% 5
\BOOKMARK [3][-]{subsubsection.3.1.1}{Blockchain-based\040solution}{subsection.3.1}% 6
\BOOKMARK [2][-]{subsection.3.2}{Subscription\040identity\040fraud}{section.3}% 7
\BOOKMARK [3][-]{subsubsection.3.2.1}{Current\040system}{subsection.3.2}% 8
\BOOKMARK [3][-]{subsubsection.3.2.2}{Current\040challenges}{subsection.3.2}% 9
\BOOKMARK [3][-]{subsubsection.3.2.3}{Blockchain-based\040solution}{subsection.3.2}% 10
\BOOKMARK [1][-]{section.4}{Use\040Case\040-\040Identity-as-a-service\040and\040Data\040Management}{}% 11
\BOOKMARK [2][-]{subsection.4.1}{Application\040to\040Data\040Management}{section.4}% 12
\BOOKMARK [1][-]{section.5}{Use\040Case\040-\0405g\040enablement}{}% 13
\BOOKMARK [2][-]{subsection.5.1}{Blockchain-based\040solution}{section.5}% 14
\BOOKMARK [1][-]{section.6}{Use\040Case\040-\040IoT\040connectivity}{}% 15
\BOOKMARK [2][-]{subsection.6.1}{Blockchain-based\040solution}{section.6}% 16
\BOOKMARK [1][-]{section.7}{Benefits,\040challenges\040and\040conclusion}{}% 17
\BOOKMARK [2][-]{subsection.7.1}{Benefits:}{section.7}% 18
\BOOKMARK [2][-]{subsection.7.2}{Challenges:}{section.7}% 19
\BOOKMARK [2][-]{subsection.7.3}{Conclusion:}{section.7}% 20
